<?xml version="1.0" encoding="UTF-8"?>
<!-- Generated by org.testng.reporters.JUnitXMLReporter -->
<testsuite hostname="Ravikishor-Boddu" name="PortalValidation" tests="3" failures="0" timestamp="25 Aug 2016 16:35:29 GMT" time="130.987" errors="0">
  <testcase name="testHomePage" time="9.978" classname="testcases.VerifyLoginPage"/>
  <testcase name="testHomePage" time="0.018" classname="testcases.VerifyHomePageWithReport"/>
  <testcase name="testHomePage" time="0.076" classname="testcases.VerifyHomePage"/>
</testsuite> <!-- PortalValidation -->
